0 info it worked if it ends with ok
1 verbose cli [ 'E:\\toolsDownload\\node\\node.exe',
1 verbose cli   'C:\\Users\\Administrator\\AppData\\Roaming\\npm\\node_modules\\npm\\bin\\npm-cli.js',
1 verbose cli   'run',
1 verbose cli   'clean' ]
2 info using npm@3.4.1
3 info using node@v6.9.1
4 verbose run-script [ 'preclean', 'clean', 'postclean' ]
5 info lifecycle myresume@1.0.0~preclean: myresume@1.0.0
6 silly lifecycle myresume@1.0.0~preclean: no script for preclean, continuing
7 info lifecycle myresume@1.0.0~clean: myresume@1.0.0
8 verbose lifecycle myresume@1.0.0~clean: unsafe-perm in lifecycle true
9 verbose lifecycle myresume@1.0.0~clean: PATH: C:\Users\Administrator\AppData\Roaming\npm\node_modules\npm\bin\node-gyp-bin;D:\my常用文件夹\webProducer\各种练习实践\Resume\MyResume\node_modules\.bin;C:\Users\Administrator\bin;C:\Program Files\Git\mingw32\bin;C:\Program Files\Git\usr\local\bin;C:\Program Files\Git\usr\bin;C:\Program Files\Git\usr\bin;C:\Program Files\Git\mingw32\bin;C:\Program Files\Git\usr\bin;C:\Users\Administrator\bin;D:\Program Files\Java\jdk1.7.0_13\bin;C:\Program Files\Intel\iCLS Client;C:\Program Files\AMD APP\bin\x86;C:\WINDOWS\system32;C:\WINDOWS;C:\WINDOWS\System32\Wbem;C:\WINDOWS\System32\WindowsPowerShell\v1.0;C:\Program Files\ATI Technologies\ATI.ACE\Core-Static;C:\Program Files\Intel\OpenCL SDK\2.0\bin\x86;C:\Program Files\Intel\Intel(R) Management Engine Components\DAL;C:\Program Files\Intel\Intel(R) Management Engine Components\IPT;F:\matlab\bin\win32;E:\Maven\apache-maven-3.3.9-bin\apache-maven-3.3.9\bin;E:\toolsDownload\nvm-setup\nvm;E:\toolsDownload\node;D:\my常用文件夹\webProducer\qff\NodeLearning\node实战\projects\express-demo\node_modules\.bin;E:\too;sDownload\PHP\php-5.6.30-Win32-VC11-x86;E:\toolsDownload\ARC\phpAndArcanist\Arcanist\arcanist\bin;C:\Program Files\Git\cmd;E:\toolsDownload\PHP\php-5.6.30-Win32-VC11-x86;C:\Program Files\Git\usr\bin\vendor_perl;C:\Program Files\Git\usr\bin\core_perl
10 verbose lifecycle myresume@1.0.0~clean: CWD: D:\my常用文件夹\webProducer\各种练习实践\Resume\MyResume
11 silly lifecycle myresume@1.0.0~clean: Args: [ '/d /s /c', 'rm index.html && rm -rf static' ]
12 silly lifecycle myresume@1.0.0~clean: Returned: code: 1  signal: null
13 info lifecycle myresume@1.0.0~clean: Failed to exec clean script
14 verbose stack Error: myresume@1.0.0 clean: `rm index.html && rm -rf static`
14 verbose stack Exit status 1
14 verbose stack     at EventEmitter.<anonymous> (C:\Users\Administrator\AppData\Roaming\npm\node_modules\npm\lib\utils\lifecycle.js:232:16)
14 verbose stack     at emitTwo (events.js:106:13)
14 verbose stack     at EventEmitter.emit (events.js:191:7)
14 verbose stack     at ChildProcess.<anonymous> (C:\Users\Administrator\AppData\Roaming\npm\node_modules\npm\lib\utils\spawn.js:24:14)
14 verbose stack     at emitTwo (events.js:106:13)
14 verbose stack     at ChildProcess.emit (events.js:191:7)
14 verbose stack     at maybeClose (internal/child_process.js:877:16)
14 verbose stack     at Process.ChildProcess._handle.onexit (internal/child_process.js:226:5)
15 verbose pkgid myresume@1.0.0
16 verbose cwd D:\my常用文件夹\webProducer\各种练习实践\Resume\MyResume
17 error Windows_NT 10.0.10586
18 error argv "E:\\toolsDownload\\node\\node.exe" "C:\\Users\\Administrator\\AppData\\Roaming\\npm\\node_modules\\npm\\bin\\npm-cli.js" "run" "clean"
19 error node v6.9.1
20 error npm  v3.4.1
21 error code ELIFECYCLE
22 error myresume@1.0.0 clean: `rm index.html && rm -rf static`
22 error Exit status 1
23 error Failed at the myresume@1.0.0 clean script 'rm index.html && rm -rf static'.
23 error Make sure you have the latest version of node.js and npm installed.
23 error If you do, this is most likely a problem with the myresume package,
23 error not with npm itself.
23 error Tell the author that this fails on your system:
23 error     rm index.html && rm -rf static
23 error You can get their info via:
23 error     npm owner ls myresume
23 error There is likely additional logging output above.
24 verbose exit [ 1, true ]
